  rasterizer.cpp
D:\Code\GAMES101\eigen-master\Eigen\src\Core\arch\Default\Half.h(1,1): warning C4819: 该文件包含不能在当前代码页(936)中表示的字符。请将该文件保存为 Unicode 格式以防止数据丢失
D:\Code\GAMES101\eigen-master\Eigen\src\Core\arch\Default\BFloat16.h(1,1): warning C4819: 该文件包含不能在当前代码页(936)中表示的字符。请将该文件保存为 Unicode 格式以防止数据丢失
D:\Code\GAMES101\eigen-master\Eigen\src\Core\arch\Default\GenericPacketMathFunctions.h(664,1): warning C4819: 该文件包含不能在当前代码页(936)中表示的字符。请将该文件保存为 Unicode 格式以防止数据丢失
D:\Code\GAMES101\eigen-master\Eigen\src\Core\SkewSymmetricMatrix3.h(1,1): warning C4819: 该文件包含不能在当前代码页(936)中表示的字符。请将该文件保存为 Unicode 格式以防止数据丢失
D:\Code\GAMES101\Assignment2\Assignment2\rasterizer.cpp(46,19): warning C4244: “参数”: 从“int”转换到“const float”，可能丢失数据
D:\Code\GAMES101\Assignment2\Assignment2\rasterizer.cpp(46,16): warning C4244: “参数”: 从“int”转换到“const float”，可能丢失数据
D:\Code\GAMES101\Assignment2\Assignment2\rasterizer.cpp(68,14): warning C4305: “初始化”: 从“double”到“float”截断
D:\Code\GAMES101\Assignment2\Assignment2\rasterizer.cpp(69,14): warning C4305: “初始化”: 从“double”到“float”截断
D:\Code\GAMES101\Assignment2\Assignment2\rasterizer.cpp(87,33): warning C4244: “=”: 从“double”转换到“float”，可能丢失数据
D:\Code\GAMES101\Assignment2\Assignment2\rasterizer.cpp(88,34): warning C4244: “=”: 从“double”转换到“float”，可能丢失数据
D:\Code\GAMES101\Assignment2\Assignment2\rasterizer.cpp(126,15): warning C4244: “初始化”: 从“const _Ty”转换到“int”，可能丢失数据
          with
          [
              _Ty=float
          ]
D:\Code\GAMES101\Assignment2\Assignment2\rasterizer.cpp(127,15): warning C4244: “初始化”: 从“const _Ty”转换到“int”，可能丢失数据
          with
          [
              _Ty=float
          ]
D:\Code\GAMES101\Assignment2\Assignment2\rasterizer.cpp(128,15): warning C4244: “初始化”: 从“const _Ty”转换到“int”，可能丢失数据
          with
          [
              _Ty=float
          ]
D:\Code\GAMES101\Assignment2\Assignment2\rasterizer.cpp(129,15): warning C4244: “初始化”: 从“const _Ty”转换到“int”，可能丢失数据
          with
          [
              _Ty=float
          ]
D:\Code\GAMES101\Assignment2\Assignment2\rasterizer.cpp(134,43): warning C4244: “参数”: 从“double”转换到“int”，可能丢失数据
D:\Code\GAMES101\Assignment2\Assignment2\rasterizer.cpp(134,34): warning C4244: “参数”: 从“double”转换到“int”，可能丢失数据
D:\Code\GAMES101\Assignment2\Assignment2\rasterizer.cpp(139,60): warning C4244: “参数”: 从“double”转换到“float”，可能丢失数据
D:\Code\GAMES101\Assignment2\Assignment2\rasterizer.cpp(139,51): warning C4244: “参数”: 从“double”转换到“float”，可能丢失数据
D:\Code\GAMES101\Assignment2\Assignment2\rasterizer.cpp(142,36): warning C4244: “初始化”: 从“double”转换到“float”，可能丢失数据
D:\Code\GAMES101\Assignment2\Assignment2\rasterizer.cpp(198,15): warning C4244: “参数”: 从“float”转换到“const unsigned __int64”，可能丢失数据
  Assignment2.vcxproj -> D:\Code\GAMES101\Assignment2\x64\Debug\Assignment2.exe
